<?xml version="1.0" encoding="UTF-8"?>
<!-- Generated by org.testng.reporters.JUnitReportReporter -->
<testsuite hostname="LAPTOP-2D85EBNJ" failures="0" tests="1" name="test.day2" time="0.006" errors="0" timestamp="2024-03-21T19:42:37 CST" skipped="0">
  <testcase classname="test.day2" name="ploan" time="0.006"/>
  <system-out/>
</testsuite> <!-- test.day2 -->
